0 info it worked if it ends with ok
1 verbose cli [ 'node',
1 verbose cli   '/usr/local/bin/npm',
1 verbose cli   'install',
1 verbose cli   '-g',
1 verbose cli   'functional-javascript-workshop' ]
2 info using npm@1.4.28
3 info using node@v0.10.35
4 verbose cache add [ 'functional-javascript-workshop', null ]
5 verbose cache add name=undefined spec="functional-javascript-workshop" args=["functional-javascript-workshop",null]
6 verbose parsed url { protocol: null,
6 verbose parsed url   slashes: null,
6 verbose parsed url   auth: null,
6 verbose parsed url   host: null,
6 verbose parsed url   port: null,
6 verbose parsed url   hostname: null,
6 verbose parsed url   hash: null,
6 verbose parsed url   search: null,
6 verbose parsed url   query: null,
6 verbose parsed url   pathname: 'functional-javascript-workshop',
6 verbose parsed url   path: 'functional-javascript-workshop',
6 verbose parsed url   href: 'functional-javascript-workshop' }
7 silly lockFile 2f070ebf-functional-javascript-workshop functional-javascript-workshop
8 verbose lock functional-javascript-workshop /Users/ebhalla/.npm/2f070ebf-functional-javascript-workshop.lock
9 silly lockFile 2f070ebf-functional-javascript-workshop functional-javascript-workshop
10 silly lockFile 2f070ebf-functional-javascript-workshop functional-javascript-workshop
11 verbose addNamed [ 'functional-javascript-workshop', '' ]
12 verbose addNamed [ null, '*' ]
13 silly lockFile a0e8fb37-functional-javascript-workshop functional-javascript-workshop@
14 verbose lock functional-javascript-workshop@ /Users/ebhalla/.npm/a0e8fb37-functional-javascript-workshop.lock
15 silly addNameRange { name: 'functional-javascript-workshop',
15 silly addNameRange   range: '*',
15 silly addNameRange   hasData: false }
16 verbose request where is /functional-javascript-workshop
17 verbose request registry https://registry.npmjs.org/
18 verbose request id a2a5c42cc76e0dc1
19 verbose url raw /functional-javascript-workshop
20 verbose url resolving [ 'https://registry.npmjs.org/',
20 verbose url resolving   './functional-javascript-workshop' ]
21 verbose url resolved https://registry.npmjs.org/functional-javascript-workshop
22 verbose request where is https://registry.npmjs.org/functional-javascript-workshop
23 info trying registry request attempt 1 at 19:33:15
24 http GET https://registry.npmjs.org/functional-javascript-workshop
25 http 200 https://registry.npmjs.org/functional-javascript-workshop
26 silly registry.get cb [ 200,
26 silly registry.get   { date: 'Sun, 01 Feb 2015 03:33:13 GMT',
26 silly registry.get     server: 'CouchDB/1.5.0 (Erlang OTP/R16B03)',
26 silly registry.get     etag: '"8VO7F9H6CBILU0LMWFTROVJTA"',
26 silly registry.get     'content-type': 'application/json',
26 silly registry.get     'cache-control': 'max-age=60',
26 silly registry.get     'content-length': '28637',
26 silly registry.get     'accept-ranges': 'bytes',
26 silly registry.get     via: '1.1 varnish',
26 silly registry.get     age: '0',
26 silly registry.get     'x-served-by': 'cache-sjc3135-SJC',
26 silly registry.get     'x-cache': 'MISS',
26 silly registry.get     'x-cache-hits': '0',
26 silly registry.get     'x-timer': 'S1422761592.982338,VS0,VE124',
26 silly registry.get     vary: 'Accept',
26 silly registry.get     'keep-alive': 'timeout=10, max=50',
26 silly registry.get     connection: 'Keep-Alive' } ]
27 silly addNameRange number 2 { name: 'functional-javascript-workshop',
27 silly addNameRange   range: '*',
27 silly addNameRange   hasData: true }
28 silly addNameRange versions [ 'functional-javascript-workshop',
28 silly addNameRange   [ '0.0.0',
28 silly addNameRange     '0.0.1',
28 silly addNameRange     '0.0.2',
28 silly addNameRange     '0.0.4',
28 silly addNameRange     '0.0.7',
28 silly addNameRange     '0.0.8',
28 silly addNameRange     '0.0.9',
28 silly addNameRange     '0.0.10',
28 silly addNameRange     '0.0.11',
28 silly addNameRange     '0.0.12',
28 silly addNameRange     '0.0.13',
28 silly addNameRange     '0.0.14',
28 silly addNameRange     '0.0.15',
28 silly addNameRange     '0.0.17',
28 silly addNameRange     '0.0.18',
28 silly addNameRange     '0.0.19',
28 silly addNameRange     '0.0.20',
28 silly addNameRange     '0.0.21',
28 silly addNameRange     '0.0.22',
28 silly addNameRange     '0.0.23',
28 silly addNameRange     '0.0.24',
28 silly addNameRange     '0.0.25',
28 silly addNameRange     '0.0.26',
28 silly addNameRange     '0.0.27',
28 silly addNameRange     '0.0.28' ] ]
29 verbose addNamed [ 'functional-javascript-workshop', '0.0.28' ]
30 verbose addNamed [ '0.0.28', '0.0.28' ]
31 silly lockFile 412d3134-ional-javascript-workshop-0-0-28 functional-javascript-workshop@0.0.28
32 verbose lock functional-javascript-workshop@0.0.28 /Users/ebhalla/.npm/412d3134-ional-javascript-workshop-0-0-28.lock
33 silly lockFile 408a44e8-l-javascript-workshop-0-0-28-tgz https://registry.npmjs.org/functional-javascript-workshop/-/functional-javascript-workshop-0.0.28.tgz
34 verbose lock https://registry.npmjs.org/functional-javascript-workshop/-/functional-javascript-workshop-0.0.28.tgz /Users/ebhalla/.npm/408a44e8-l-javascript-workshop-0-0-28-tgz.lock
35 verbose addRemoteTarball [ 'https://registry.npmjs.org/functional-javascript-workshop/-/functional-javascript-workshop-0.0.28.tgz',
35 verbose addRemoteTarball   '8fb35a8487f842ed799593e2b7cd4f4982987d41' ]
36 info retry fetch attempt 1 at 19:33:15
37 verbose fetch to= /var/folders/hf/94mlpflx4f1gzb_w2l6gs5zh0000gp/T/npm-13399-je06-Hhd/registry.npmjs.org/functional-javascript-workshop/-/functional-javascript-workshop-0.0.28.tgz
38 http GET https://registry.npmjs.org/functional-javascript-workshop/-/functional-javascript-workshop-0.0.28.tgz
39 http 200 https://registry.npmjs.org/functional-javascript-workshop/-/functional-javascript-workshop-0.0.28.tgz
40 silly lockFile 408a44e8-l-javascript-workshop-0-0-28-tgz https://registry.npmjs.org/functional-javascript-workshop/-/functional-javascript-workshop-0.0.28.tgz
41 silly lockFile 408a44e8-l-javascript-workshop-0-0-28-tgz https://registry.npmjs.org/functional-javascript-workshop/-/functional-javascript-workshop-0.0.28.tgz
42 silly lockFile 412d3134-ional-javascript-workshop-0-0-28 functional-javascript-workshop@0.0.28
43 silly lockFile 412d3134-ional-javascript-workshop-0-0-28 functional-javascript-workshop@0.0.28
44 silly lockFile a0e8fb37-functional-javascript-workshop functional-javascript-workshop@
45 silly lockFile a0e8fb37-functional-javascript-workshop functional-javascript-workshop@
46 silly resolved [ { name: 'functional-javascript-workshop',
46 silly resolved     version: '0.0.28',
46 silly resolved     description: 'The basics of functional programming in JavaScript. No libraries required.',
46 silly resolved     main: 'index.js',
46 silly resolved     bin:
46 silly resolved      { 'functional-javascript': 'functional-javascript.js',
46 silly resolved        'functional-javascript-workshop': 'functional-javascript.js' },
46 silly resolved     scripts: {},
46 silly resolved     keywords: [ 'workshopper', 'tutorial', 'lesson' ],
46 silly resolved     author: { name: 'Tim Oxley' },
46 silly resolved     license: 'MIT',
46 silly resolved     dependencies: { workshopper: '~0.7.2', 'lorem-ipsum': '~0.1.1' },
46 silly resolved     repository:
46 silly resolved      { type: 'git',
46 silly resolved        url: 'https://github.com/timoxley/functional-javascript-workshop' },
46 silly resolved     bugs: { url: 'https://github.com/timoxley/functional-javascript-workshop/issues' },
46 silly resolved     homepage: 'https://github.com/timoxley/functional-javascript-workshop',
46 silly resolved     gitHead: 'b8ce14d8c59f3306ceed1935a86b40fac5aa97a1',
46 silly resolved     _id: 'functional-javascript-workshop@0.0.28',
46 silly resolved     _shasum: '8fb35a8487f842ed799593e2b7cd4f4982987d41',
46 silly resolved     _from: 'functional-javascript-workshop@',
46 silly resolved     _npmVersion: '2.1.11',
46 silly resolved     _nodeVersion: '0.10.33',
46 silly resolved     _npmUser: { name: 'timoxley', email: 'secoif@gmail.com' },
46 silly resolved     maintainers: [ [Object] ],
46 silly resolved     dist:
46 silly resolved      { shasum: '8fb35a8487f842ed799593e2b7cd4f4982987d41',
46 silly resolved        tarball: 'http://registry.npmjs.org/functional-javascript-workshop/-/functional-javascript-workshop-0.0.28.tgz' },
46 silly resolved     directories: {},
46 silly resolved     _resolved: 'https://registry.npmjs.org/functional-javascript-workshop/-/functional-javascript-workshop-0.0.28.tgz' } ]
47 info install functional-javascript-workshop@0.0.28 into /usr/local/lib
48 info installOne functional-javascript-workshop@0.0.28
49 verbose lib/node_modules/functional-javascript-workshop unbuild
50 verbose tar unpack /Users/ebhalla/.npm/functional-javascript-workshop/0.0.28/package.tgz
51 silly lockFile 3330b005-s-functional-javascript-workshop tar:///usr/local/lib/node_modules/functional-javascript-workshop
52 verbose lock tar:///usr/local/lib/node_modules/functional-javascript-workshop /Users/ebhalla/.npm/3330b005-s-functional-javascript-workshop.lock
53 silly lockFile 909c170d-ript-workshop-0-0-28-package-tgz tar:///Users/ebhalla/.npm/functional-javascript-workshop/0.0.28/package.tgz
54 verbose lock tar:///Users/ebhalla/.npm/functional-javascript-workshop/0.0.28/package.tgz /Users/ebhalla/.npm/909c170d-ript-workshop-0-0-28-package-tgz.lock
55 silly gunzTarPerm modes [ '755', '644' ]
56 error Error: EACCES, mkdir '/usr/local/lib/node_modules/functional-javascript-workshop'
56 error  { [Error: EACCES, mkdir '/usr/local/lib/node_modules/functional-javascript-workshop']
56 error   errno: 3,
56 error   code: 'EACCES',
56 error   path: '/usr/local/lib/node_modules/functional-javascript-workshop',
56 error   fstream_type: 'Directory',
56 error   fstream_path: '/usr/local/lib/node_modules/functional-javascript-workshop',
56 error   fstream_class: 'DirWriter',
56 error   fstream_stack:
56 error    [ '/usr/local/lib/node_modules/npm/node_modules/fstream/lib/dir-writer.js:36:23',
56 error      '/usr/local/lib/node_modules/npm/node_modules/mkdirp/index.js:46:53',
56 error      'Object.oncomplete (fs.js:108:15)' ] }
57 error Please try running this command again as root/Administrator.
58 error System Darwin 14.0.0
59 error command "node" "/usr/local/bin/npm" "install" "-g" "functional-javascript-workshop"
60 error cwd /Users/ebhalla/Desktop/programming-stuffz/Node-Tutorials
61 error node -v v0.10.35
62 error npm -v 1.4.28
63 error path /usr/local/lib/node_modules/functional-javascript-workshop
64 error fstream_path /usr/local/lib/node_modules/functional-javascript-workshop
65 error fstream_type Directory
66 error fstream_class DirWriter
67 error code EACCES
68 error errno 3
69 error stack Error: EACCES, mkdir '/usr/local/lib/node_modules/functional-javascript-workshop'
70 error fstream_stack /usr/local/lib/node_modules/npm/node_modules/fstream/lib/dir-writer.js:36:23
70 error fstream_stack /usr/local/lib/node_modules/npm/node_modules/mkdirp/index.js:46:53
70 error fstream_stack Object.oncomplete (fs.js:108:15)
71 verbose exit [ 3, true ]
